<?xml version="1.0" encoding="UTF-8"?>
<testsuite xmlns:xsi="http://www.w3.org/2001/XMLSchema-instance" xsi:noNamespaceSchemaLocation="https://maven.apache.org/surefire/maven-surefire-plugin/xsd/surefire-test-report.xsd" name="tpmaven.AppTest" time="1.169" tests="1" errors="0" skipped="0" failures="0">
  <properties>
    <property name="java.specification.version" value="21"/>
    <property name="sun.cpu.isalist" value="amd64"/>
    <property name="sun.jnu.encoding" value="Cp1252"/>
    <property name="java.class.path" value="D:\MavenProject\first-project\target\test-classes;D:\MavenProject\first-project\target\classes;C:\Users\anoua\.m2\repository\junit\junit\4.11\junit-4.11.jar;C:\Users\anoua\.m2\repository\org\hamcrest\hamcrest-core\1.3\hamcrest-core-1.3.jar;C:\Users\anoua\.m2\repository\org\testng\testng\7.10.1\testng-7.10.1.jar;C:\Users\anoua\.m2\repository\org\slf4j\slf4j-api\1.7.36\slf4j-api-1.7.36.jar;C:\Users\anoua\.m2\repository\com\beust\jcommander\1.82\jcommander-1.82.jar;C:\Users\anoua\.m2\repository\org\webjars\jquery\3.7.1\jquery-3.7.1.jar;"/>
    <property name="java.vm.vendor" value="Oracle Corporation"/>
    <property name="sun.arch.data.model" value="64"/>
    <property name="user.variant" value=""/>
    <property name="java.vendor.url" value="https://java.oracle.com/"/>
    <property name="user.timezone" value="Africa/Algiers"/>
    <property name="user.country.format" value="DZ"/>
    <property name="os.name" value="Windows 10"/>
    <property name="java.vm.specification.version" value="21"/>
    <property name="sun.java.launcher" value="SUN_STANDARD"/>
    <property name="user.country" value="US"/>
    <property name="sun.boot.library.path" value="C:\Program Files\Java\jdk-21\bin"/>
    <property name="sun.java.command" value="C:\Users\anoua\AppData\Local\Temp\surefire3186526963507999292\surefirebooter3286796568417400467.jar C:\Users\anoua\AppData\Local\Temp\surefire3186526963507999292 2024-05-03T15-35-50_917-jvmRun1 surefire5380610060392150738tmp surefire_07249383213393860916tmp"/>
    <property name="jdk.debug" value="release"/>
    <property name="surefire.test.class.path" value="D:\MavenProject\first-project\target\test-classes;D:\MavenProject\first-project\target\classes;C:\Users\anoua\.m2\repository\junit\junit\4.11\junit-4.11.jar;C:\Users\anoua\.m2\repository\org\hamcrest\hamcrest-core\1.3\hamcrest-core-1.3.jar;C:\Users\anoua\.m2\repository\org\testng\testng\7.10.1\testng-7.10.1.jar;C:\Users\anoua\.m2\repository\org\slf4j\slf4j-api\1.7.36\slf4j-api-1.7.36.jar;C:\Users\anoua\.m2\repository\com\beust\jcommander\1.82\jcommander-1.82.jar;C:\Users\anoua\.m2\repository\org\webjars\jquery\3.7.1\jquery-3.7.1.jar;"/>
    <property name="sun.cpu.endian" value="little"/>
    <property name="user.home" value="C:\Users\anoua"/>
    <property name="user.language" value="en"/>
    <property name="java.specification.vendor" value="Oracle Corporation"/>
    <property name="java.version.date" value="2024-01-16"/>
    <property name="java.home" value="C:\Program Files\Java\jdk-21"/>
    <property name="file.separator" value="\"/>
    <property name="basedir" value="D:\MavenProject\first-project"/>
    <property name="java.vm.compressedOopsMode" value="Zero based"/>
    <property name="line.separator" value="&#10;"/>
    <property name="java.vm.specification.vendor" value="Oracle Corporation"/>
    <property name="java.specification.name" value="Java Platform API Specification"/>
    <property name="surefire.real.class.path" value="C:\Users\anoua\AppData\Local\Temp\surefire3186526963507999292\surefirebooter3286796568417400467.jar"/>
    <property name="user.script" value=""/>
    <property name="sun.management.compiler" value="HotSpot 64-Bit Tiered Compilers"/>
    <property name="java.runtime.version" value="21.0.2+13-LTS-58"/>
    <property name="user.name" value="anoua"/>
    <property name="stdout.encoding" value="Cp1252"/>
    <property name="path.separator" value=";"/>
    <property name="os.version" value="10.0"/>
    <property name="java.runtime.name" value="Java(TM) SE Runtime Environment"/>
    <property name="file.encoding" value="UTF-8"/>
    <property name="java.vm.name" value="Java HotSpot(TM) 64-Bit Server VM"/>
    <property name="localRepository" value="C:\Users\anoua\.m2\repository"/>
    <property name="java.vendor.url.bug" value="https://bugreport.java.com/bugreport/"/>
    <property name="java.io.tmpdir" value="C:\Users\anoua\AppData\Local\Temp\"/>
    <property name="java.version" value="21.0.2"/>
    <property name="user.dir" value="D:\MavenProject\first-project"/>
    <property name="os.arch" value="amd64"/>
    <property name="java.vm.specification.name" value="Java Virtual Machine Specification"/>
    <property name="user.language.format" value="ar"/>
    <property name="sun.os.patch.level" value=""/>
    <property name="native.encoding" value="Cp1252"/>
    <property name="java.library.path" value="C:\Program Files\Java\jdk-21\bin;C:\Windows\Sun\Java\bin;C:\Windows\system32;C:\Windows;C:\Program Files\Common Files\Oracle\Java\javapath;C:\Windows\system32;C:\Windows;C:\Windows\System32\Wbem;C:\Windows\System32\WindowsPowerShell\v1.0\;C:\Windows\System32\OpenSSH\;C:\Program Files\Microsoft VS Code\bin;C:\Program Files\WinRAR;C:\Program Files\7-Zip;E:\nodejs;C:\jade\lib\jade.jar;C:\MinGW\bin;C:\xampp\php\php.ini;C:\Users\anoua\OneDrive\?????????\mysql-connector-j-8.3.0\mysql-connector-j-8.3.0.jar;C:\Users\anoua\OneDrive\?????????\ojdbc11.jar;C:\Program Files\Java\jdk-21\bin;C:\Program Files\apache-maven-3.9.6\bin;C:\Program Files\Kubernetes\Minikube;C:\minikube\minikube.exe;F:\nodejs\;F:\nodejs\node.exe;C:\Program Files\Common Files\Autodesk Shared\;C:\Program Files\Docker\Docker\resources\bin;C:\php-8.3.6;C:\ProgramData\ComposerSetup\bin;C:\composer.bat;C:\Program Files\Git\cmd;C:\Program Files\Git;C:\Program Files\Java\javafx-sdk-22.0.1\lib;C:\Windows\system32\config\systemprofile\AppData\Local\Microsoft\WindowsApps;C:\Program Files\Java\jdk-21\bin;C:\jade\lib\jade.jar;C:\Users\anoua\OneDrive\?????????\mysql-connector-j-8.3.0\mysql-connector-j-8.3.0.jar;C:\Users\anoua\AppData\Roaming\npm;C:\ffmpeg;C:\Program Files\Lens\resources\cli\bin;C:\Program Files\heroku\bin;C:\Users\anoua\AppData\Roaming\Composer\vendor\bin;C:\Users\anoua\AppData\Local\GitHubDesktop\bin;."/>
    <property name="java.vm.info" value="mixed mode, sharing"/>
    <property name="stderr.encoding" value="Cp1252"/>
    <property name="java.vendor" value="Oracle Corporation"/>
    <property name="java.vm.version" value="21.0.2+13-LTS-58"/>
    <property name="sun.io.unicode.encoding" value="UnicodeLittle"/>
    <property name="java.class.version" value="65.0"/>
  </properties>
  <testcase name="testCalculateFactorial" classname="tpmaven.AppTest" time="0.013"/>
</testsuite>