<?xml version="1.0" encoding="UTF-8"?>
<!-- Generated by org.testng.reporters.JUnitReportReporter -->
<testsuite hostname="ANOUAR" failures="0" tests="1" name="tpmaven.AppTest" time="0.012" errors="0" timestamp="2024-05-03T15:35:54 CET" skipped="0">
  <testcase classname="tpmaven.AppTest" name="testCalculateFactorial" time="0.012"/>
</testsuite> <!-- tpmaven.AppTest -->
